<testng-results>
  <reporter-output>
  </reporter-output>
  <suite name="Command line suite" duration-ms="591447" started-at="2012-08-27T12:28:19Z" finished-at="2012-08-27T12:38:10Z">
    <groups>
    </groups>
    <test name="Command line test" duration-ms="591447" started-at="2012-08-27T12:28:19Z" finished-at="2012-08-27T12:38:10Z">
      <class name="testOrders.tests.TestAutoSku">
        <test-method status="PASS" signature="getDriver()" name="getDriver" is-config="true" duration-ms="16515" started-at="2012-08-27T12:28:19Z" finished-at="2012-08-27T12:28:35Z">
        </test-method>
        <test-method status="PASS" signature="AutoSkuTest()" name="AutoSkuTest" duration-ms="574907" started-at="2012-08-27T12:28:35Z" finished-at="2012-08-27T12:38:10Z">
        </test-method>
        <test-method status="PASS" signature="closeDriver()" name="closeDriver" is-config="true" duration-ms="22" started-at="2012-08-27T12:38:10Z" finished-at="2012-08-27T12:38:10Z">
        </test-method>
      </class>
    </test>
  </suite>
</testng-results>
